2024-06-28 16:54:39,251 - 15 - venkateshhanamsagar18@gmail.com - User logged in
2024-06-28 16:54:42,425 - 15 - None - Retrieved all tasks
2024-06-28 16:54:44,626 - 15 - None - Retrieved all tasks
2024-06-28 19:59:58,795 - 15 - venkateshhanamsagar18@gmail.com - User logged in
2024-06-28 19:59:59,854 - 15 - None - Retrieved all tasks
2024-06-28 20:00:00,571 - 15 - None - Retrieved all tasks
2024-06-28 20:00:04,883 - 15 - venkateshhanamsagar18@gmail.com - Retrieved user's tasks
2024-06-28 20:00:58,135 - 15 - venkateshhanamsagar18@gmail.com - User logged in
2024-06-28 20:00:59,197 - 15 - None - Retrieved all tasks
2024-06-28 20:00:59,544 - 15 - None - Retrieved all tasks
2024-06-28 20:01:01,674 - 15 - venkateshhanamsagar18@gmail.com - Retrieved user's tasks
2024-06-28 20:02:05,125 - 15 - venkateshhanamsagar18@gmail.com - Retrieved user's tasks
2024-06-28 20:02:25,086 - 15 - None - Retrieved all tasks
2024-06-28 20:11:12,258 - 15 - venkateshhanamsagar18@gmail.com - User logged in
2024-06-28 20:11:13,102 - 15 - None - Retrieved all tasks
2024-06-28 20:11:13,770 - 15 - None - Retrieved all tasks
2024-06-28 20:11:22,979 - 15 - None - Retrieved all tasks
2024-06-28 20:11:23,429 - 15 - None - Retrieved all tasks
2024-06-28 20:11:54,916 - 15 - venkateshhanamsagar18@gmail.com - User logged in
2024-06-28 20:11:55,770 - 15 - None - Retrieved all tasks
2024-06-28 20:11:56,582 - 15 - None - Retrieved all tasks
2024-06-28 20:12:19,702 - 15 - None - Retrieved all tasks
2024-06-28 20:12:20,025 - 15 - None - Retrieved all tasks
2024-06-28 20:12:45,817 - 15 - None - Retrieved all tasks
2024-06-28 20:12:46,172 - 15 - None - Retrieved all tasks
2024-06-28 20:12:48,482 - 15 - None - Retrieved all tasks
2024-06-28 20:12:48,839 - 15 - None - Retrieved all tasks
2024-06-28 20:12:49,614 - 15 - None - Retrieved all tasks
2024-06-28 20:12:49,986 - 15 - None - Retrieved all tasks
2024-06-28 20:13:48,947 - 15 - venkateshhanamsagar18@gmail.com - User logged in
2024-06-28 20:13:50,039 - 15 - None - Retrieved all tasks
2024-06-28 20:13:50,450 - 15 - None - Retrieved all tasks
2024-06-28 20:16:53,097 - 16 - sachin@gmail.com - User logged in
2024-06-28 20:16:54,059 - 16 - None - Retrieved all tasks
2024-06-28 20:16:54,780 - 16 - None - Retrieved all tasks
2024-06-28 20:18:29,460 - 16 - sachin@gmail.com - User logged in
2024-06-28 20:18:30,432 - 16 - None - Retrieved all tasks
2024-06-28 20:18:31,137 - 16 - None - Retrieved all tasks
2024-06-28 20:19:50,618 - 16 - None - Retrieved all tasks
2024-06-28 20:19:51,002 - 16 - None - Retrieved all tasks
2024-06-28 20:24:42,041 - 16 - sachin@gmail.com - User logged in
2024-06-28 20:24:42,975 - 16 - None - Retrieved all tasks
2024-06-28 20:24:43,608 - 16 - None - Retrieved all tasks
2024-06-28 20:26:50,455 - 16 - sachin@gmail.com - User logged in
2024-06-28 20:26:51,434 - 16 - None - Retrieved all tasks
2024-06-28 20:26:52,176 - 16 - None - Retrieved all tasks
2024-06-28 20:36:45,910 - 16 - sachin@gmail.com - Retrieved contact persons
2024-06-28 20:36:46,579 - 16 - sachin@gmail.com - Retrieved contact persons
2024-06-28 20:37:11,384 - 16 - sachin@gmail.com - Retrieved contact persons
2024-06-28 20:37:12,078 - 16 - sachin@gmail.com - Retrieved contact persons
2024-06-28 20:37:59,884 - 16 - None - Retrieved all tasks
2024-06-28 20:38:00,299 - 16 - None - Retrieved all tasks
2024-06-28 20:38:07,106 - 16 - None - Retrieved all tasks
2024-06-28 20:38:07,471 - 16 - None - Retrieved all tasks
2024-06-28 20:38:10,625 - 16 - None - Retrieved all tasks
2024-06-28 20:38:10,951 - 16 - None - Retrieved all tasks
2024-06-28 20:38:21,472 - 16 - sachin@gmail.com - User logged in
2024-06-28 20:38:22,340 - 16 - None - Retrieved all tasks
2024-06-28 20:38:23,022 - 16 - None - Retrieved all tasks
2024-06-28 20:38:23,882 - 16 - sachin@gmail.com - Retrieved contact persons
2024-06-28 20:38:25,081 - 16 - sachin@gmail.com - Retrieved contact persons
2024-06-28 20:50:32,127 - 16 - sachin@gmail.com - User logged in
2024-06-28 20:50:33,066 - 16 - None - Retrieved all tasks
2024-06-28 20:50:33,807 - 16 - None - Retrieved all tasks
2024-06-28 20:50:35,257 - 16 - sachin@gmail.com - Retrieved contact persons
2024-06-28 20:50:35,875 - 16 - sachin@gmail.com - Retrieved contact persons
2024-06-28 20:50:44,349 - 16 - None - Retrieved all tasks
2024-06-28 20:50:44,911 - 16 - None - Retrieved all tasks
2024-06-28 20:50:49,200 - 16 - None - Retrieved all tasks
2024-06-28 20:50:49,563 - 16 - None - Retrieved all tasks
2024-06-28 20:50:54,785 - 16 - None - Retrieved all tasks
2024-06-28 20:50:55,165 - 16 - None - Retrieved all tasks
2024-06-28 20:50:56,427 - 16 - None - Retrieved all tasks
2024-06-28 20:50:56,776 - 16 - None - Retrieved all tasks
2024-06-28 20:50:59,640 - 16 - None - Retrieved all tasks
2024-06-28 20:51:00,060 - 16 - None - Retrieved all tasks
2024-06-28 20:54:07,741 - 16 - sachin@gmail.com - Retrieved contact persons
2024-06-28 20:54:08,135 - 16 - sachin@gmail.com - Retrieved contact persons
2024-06-28 20:54:21,750 - 16 - sachin@gmail.com - User logged in
2024-06-28 20:54:22,671 - 16 - None - Retrieved all tasks
2024-06-28 20:54:23,368 - 16 - None - Retrieved all tasks
2024-06-28 20:54:24,900 - 16 - sachin@gmail.com - Retrieved contact persons
2024-06-28 20:54:25,632 - 16 - sachin@gmail.com - Retrieved contact persons
2024-06-28 20:54:35,381 - 16 - None - Retrieved all tasks
2024-06-28 20:54:35,762 - 16 - None - Retrieved all tasks
2024-06-28 20:54:36,809 - 16 - sachin@gmail.com - Retrieved contact persons
2024-06-28 20:54:37,180 - 16 - sachin@gmail.com - Retrieved contact persons
2024-06-28 20:54:41,657 - 16 - None - Retrieved all tasks
2024-06-28 20:54:42,119 - 16 - None - Retrieved all tasks
2024-06-28 20:54:43,487 - 16 - sachin@gmail.com - Retrieved contact persons
2024-06-28 20:54:43,870 - 16 - sachin@gmail.com - Retrieved contact persons
2024-06-28 20:54:48,212 - 16 - None - Retrieved all tasks
2024-06-28 20:54:48,598 - 16 - None - Retrieved all tasks
2024-06-28 20:56:11,249 - 16 - sachin@gmail.com - Retrieved contact persons
2024-06-28 20:56:11,896 - 16 - sachin@gmail.com - Retrieved contact persons
2024-06-28 20:56:31,715 - 16 - sachin@gmail.com - User logged in
2024-06-28 20:56:32,495 - 16 - None - Retrieved all tasks
2024-06-28 20:56:33,106 - 16 - None - Retrieved all tasks
2024-06-28 20:56:35,042 - 16 - sachin@gmail.com - Retrieved contact persons
2024-06-28 20:56:35,677 - 16 - sachin@gmail.com - Retrieved contact persons
2024-06-28 20:56:38,688 - 16 - None - Retrieved all tasks
2024-06-28 20:56:39,283 - 16 - None - Retrieved all tasks
2024-06-28 20:56:44,105 - 16 - sachin@gmail.com - Retrieved contact persons
2024-06-28 20:56:44,390 - 16 - sachin@gmail.com - Retrieved contact persons
2024-06-28 20:56:46,671 - 16 - None - Retrieved all tasks
2024-06-28 20:56:46,970 - 16 - None - Retrieved all tasks
2024-06-28 21:00:43,152 - 16 - None - Retrieved all tasks
2024-06-28 21:00:46,499 - 16 - None - Retrieved all tasks
2024-06-28 21:01:04,471 - 16 - sachin@gmail.com - User logged in
2024-06-28 21:01:05,279 - 16 - None - Retrieved all tasks
2024-06-28 21:01:05,999 - 16 - None - Retrieved all tasks
2024-06-28 21:06:08,971 - 16 - sachin@gmail.com - User logged in
2024-06-28 21:06:09,721 - 16 - None - Retrieved all tasks
2024-06-28 21:06:10,299 - 16 - None - Retrieved all tasks
2024-06-28 21:12:00,866 - 16 - None - Retrieved all tasks
2024-06-28 21:12:01,535 - 16 - None - Retrieved all tasks
2024-06-28 21:14:18,889 - 16 - None - Retrieved all tasks
2024-06-28 21:15:00,354 - 16 - sachin@gmail.com - User logged in
2024-06-28 21:15:01,246 - 16 - None - Retrieved all tasks
2024-06-28 21:15:02,780 - 16 - None - Retrieved all tasks
2024-06-28 21:20:21,276 - 16 - sachin@gmail.com - User logged in
2024-06-28 21:20:22,079 - 16 - None - Retrieved all tasks
2024-06-28 21:20:22,743 - 16 - None - Retrieved all tasks
2024-06-28 21:22:31,651 - 16 - sachin@gmail.com - Retrieved contact persons
2024-06-28 21:22:32,332 - 16 - sachin@gmail.com - Retrieved contact persons
2024-06-28 21:22:46,299 - 16 - Venkatesh A Hanamsagar - Task updated
2024-06-28 21:22:47,049 - 16 - None - Retrieved all tasks
2024-06-28 21:22:53,406 - 16 - Venkatesh A Hanamsagar - Task deleted
2024-06-28 21:22:54,005 - 16 - None - Retrieved all tasks
2024-06-28 21:23:37,326 - 16 - None - Retrieved all tasks
2024-06-28 21:23:39,835 - 16 - None - Retrieved all tasks
2024-06-28 21:23:45,698 - 16 - None - Retrieved all tasks
2024-06-28 21:23:49,711 - 16 - None - Retrieved all tasks
2024-06-28 21:26:22,208 - 17 - yash@gmail.com - User created
